<?xml version="1.0" encoding="UTF-8"?>
<!-- Generated by org.testng.reporters.JUnitReportReporter -->
<testsuite skipped="0" hostname="E936LTRV" name="stepDefinitions.stepDefinition" tests="2" failures="0" timestamp="11 May 2023 11:07:33 GMT" time="5.197" errors="0">
  <testcase name="Launch_application" time="4.612" classname="stepDefinitions.stepDefinition"/>
  <testcase name="navigate_to_home_page" time="0.585" classname="stepDefinitions.stepDefinition"/>
</testsuite> <!-- stepDefinitions.stepDefinition -->
